2026-05-31 20:56:51,349 | ============================================================
Проверка: STREET | primary=6 secondary=None suit=None
Результат: НАЙДЕНА
Карт на столе всего: 5
Карты по игрокам:
  A: [6H, 7H]
  B: [8H, 9H, 10H]
Общий пул: [6H, 7H, 8H, 9H, 10H]
Ранги в пуле: 6×1, 7×1, 8×1, 9×1, 10×1
Нижняя граница стрита в ставке: 6
2026-05-31 20:56:51,349 | ============================================================
Проверка: STREET | primary=6 secondary=None suit=None
Результат: НАЙДЕНА
Карт на столе всего: 5
Карты по игрокам:
  A: [7H, 8H]
  B: [9H, 10H, VH]
Общий пул: [7H, 8H, 9H, 10H, VH]
Ранги в пуле: 7×1, 8×1, 9×1, 10×1, V×1
Нижняя граница стрита в ставке: 6
2026-05-31 20:56:51,349 | ============================================================
Проверка: STREET | primary=2 secondary=None suit=None
Результат: НАЙДЕНА
Карт на столе всего: 5
Карты по игрокам:
  A: [TH, 2H]
  B: [3H, 4H, 5H]
Общий пул: [TH, 2H, 3H, 4H, 5H]
Ранги в пуле: 2×1, 3×1, 4×1, 5×1, T×1
Нижняя граница стрита в ставке: 2
2026-05-31 20:56:56,226 | ============================================================
Проверка: STREET | primary=6 secondary=None suit=None
Результат: НАЙДЕНА
Карт на столе всего: 5
Карты по игрокам:
  A: [6H, 7H]
  B: [8H, 9H, 10H]
Общий пул: [6H, 7H, 8H, 9H, 10H]
Ранги в пуле: 6×1, 7×1, 8×1, 9×1, 10×1
Нижняя граница стрита в ставке: 6
2026-05-31 20:56:56,226 | ============================================================
Проверка: STREET | primary=6 secondary=None suit=None
Результат: НАЙДЕНА
Карт на столе всего: 5
Карты по игрокам:
  A: [7H, 8H]
  B: [9H, 10H, VH]
Общий пул: [7H, 8H, 9H, 10H, VH]
Ранги в пуле: 7×1, 8×1, 9×1, 10×1, V×1
Нижняя граница стрита в ставке: 6
2026-05-31 20:56:56,226 | ============================================================
Проверка: STREET | primary=2 secondary=None suit=None
Результат: НАЙДЕНА
Карт на столе всего: 5
Карты по игрокам:
  A: [TH, 2H]
  B: [3H, 4H, 5H]
Общий пул: [TH, 2H, 3H, 4H, 5H]
Ранги в пуле: 2×1, 3×1, 4×1, 5×1, T×1
Нижняя граница стрита в ставке: 2
2026-05-31 20:56:56,227 | ============================================================
Проверка: STREET | primary=10 secondary=None suit=None
Результат: НАЙДЕНА
Карт на столе всего: 5
Карты по игрокам:
  A (выбыл): [10H]
  B: [VH, DH, KH, TH]
Общий пул: [10H, VH, DH, KH, TH]
Ранги в пуле: 10×1, V×1, D×1, K×1, T×1
Нижняя граница стрита в ставке: 10
2026-06-01 09:48:19,009 | ============================================================
Проверка: HIGH_CARD | primary=2 secondary=None suit=None
Результат: НЕ НАЙДЕНА
Карт на столе всего: 2
Карты по игрокам:
  Павел: [10S]
  Саша: [5H]
Общий пул: [10S, 5H]
Ранги в пуле: 5×1, 10×1
2026-06-01 09:48:59,019 | ============================================================
Проверка: HIGH_CARD | primary=2 secondary=None suit=None
Результат: НЕ НАЙДЕНА
Карт на столе всего: 3
Карты по игрокам:
  Павел: [DS, KS]
  Саша: [KD]
Общий пул: [DS, KS, KD]
Ранги в пуле: D×1, K×2
2026-06-01 09:49:39,044 | ============================================================
Проверка: HIGH_CARD | primary=2 secondary=None suit=None
Результат: НЕ НАЙДЕНА
Карт на столе всего: 4
Карты по игрокам:
  Павел: [5C, 3C, 7D]
  Саша: [8D]
Общий пул: [5C, 3C, 7D, 8D]
Ранги в пуле: 3×1, 5×1, 7×1, 8×1
2026-06-01 09:50:19,068 | ============================================================
Проверка: HIGH_CARD | primary=2 secondary=None suit=None
Результат: НЕ НАЙДЕНА
Карт на столе всего: 5
Карты по игрокам:
  Павел: [TH, 7H, DD, 8S]
  Саша: [7C]
Общий пул: [TH, 7H, DD, 8S, 7C]
Ранги в пуле: 7×2, 8×1, D×1, T×1
2026-06-01 10:20:28,198 | ============================================================
Проверка: HIGH_CARD | primary=5 secondary=None suit=None
Результат: НАЙДЕНА
Карт на столе всего: 2
Карты по игрокам:
  Павел: [5D]
  2: [7C]
Общий пул: [5D, 7C]
Ранги в пуле: 5×1, 7×1
2026-06-01 10:21:05,447 | ============================================================
Проверка: HIGH_CARD | primary=5 secondary=None suit=None
Результат: НЕ НАЙДЕНА
Карт на столе всего: 3
Карты по игрокам:
  Павел: [3C]
  2: [VH, 2C]
Общий пул: [3C, VH, 2C]
Ранги в пуле: 2×1, 3×1, V×1
2026-06-01 10:24:10,373 | ============================================================
Проверка: HIGH_CARD | primary=14 secondary=None suit=None
Результат: НЕ НАЙДЕНА
Карт на столе всего: 2
Карты по игрокам:
  1: [2D]
  2: [4H]
Общий пул: [2D, 4H]
Ранги в пуле: 2×1, 4×1
2026-06-01 10:24:50,399 | ============================================================
Проверка: HIGH_CARD | primary=2 secondary=None suit=None
Результат: НЕ НАЙДЕНА
Карт на столе всего: 3
Карты по игрокам:
  1: [3C, DH]
  2: [TC]
Общий пул: [3C, DH, TC]
Ранги в пуле: 3×1, D×1, T×1
